c:\users\student\documents\visual studio 2015\projects\win32project002\release\vc140.pdb
c:\users\student\documents\visual studio 2015\projects\win32project002\release\renderer.obj
c:\users\student\documents\visual studio 2015\projects\win32project002\release\player.obj
c:\users\student\documents\visual studio 2015\projects\win32project002\release\object2d.obj
c:\users\student\documents\visual studio 2015\projects\win32project002\release\object.obj
c:\users\student\documents\visual studio 2015\projects\win32project002\release\model.obj
c:\users\student\documents\visual studio 2015\projects\win32project002\release\manager.obj
c:\users\student\documents\visual studio 2015\projects\win32project002\release\main.obj
c:\users\student\documents\visual studio 2015\projects\win32project002\release\light.obj
c:\users\student\documents\visual studio 2015\projects\win32project002\release\input.obj
c:\users\student\documents\visual studio 2015\projects\win32project002\release\camera.obj
c:\users\student\documents\visual studio 2015\projects\win32project002\release\block.obj
c:\users\student\documents\visual studio 2015\projects\win32project002\release\3dobject.obj
c:\users\student\documents\visual studio 2015\projects\win32project002\win32project002.exe
c:\users\student\documents\visual studio 2015\projects\win32project002\win32project002.pdb
c:\users\student\documents\visual studio 2015\projects\win32project002\release\nativecodeanalysis.read.1.tlog
c:\users\student\documents\visual studio 2015\projects\win32project002\release\3dobject.nativecodeanalysis.xml
c:\users\student\documents\visual studio 2015\projects\win32project002\release\block.nativecodeanalysis.xml
c:\users\student\documents\visual studio 2015\projects\win32project002\release\camera.nativecodeanalysis.xml
c:\users\student\documents\visual studio 2015\projects\win32project002\release\input.nativecodeanalysis.xml
c:\users\student\documents\visual studio 2015\projects\win32project002\release\light.nativecodeanalysis.xml
c:\users\student\documents\visual studio 2015\projects\win32project002\release\main.nativecodeanalysis.xml
c:\users\student\documents\visual studio 2015\projects\win32project002\release\manager.nativecodeanalysis.xml
c:\users\student\documents\visual studio 2015\projects\win32project002\release\model.nativecodeanalysis.xml
c:\users\student\documents\visual studio 2015\projects\win32project002\release\object.nativecodeanalysis.xml
c:\users\student\documents\visual studio 2015\projects\win32project002\release\object2d.nativecodeanalysis.xml
c:\users\student\documents\visual studio 2015\projects\win32project002\release\player.nativecodeanalysis.xml
c:\users\student\documents\visual studio 2015\projects\win32project002\release\renderer.nativecodeanalysis.xml
c:\users\student\documents\visual studio 2015\projects\win32project002\release\vc.nativecodeanalysis.all.xml
c:\users\student\documents\visual studio 2015\projects\win32project002\win32project002.exe.lastcodeanalysissucceeded
c:\users\student\documents\visual studio 2015\projects\win32project002\release\win32project002.tlog\cl.command.1.tlog
c:\users\student\documents\visual studio 2015\projects\win32project002\release\win32project002.tlog\cl.read.1.tlog
c:\users\student\documents\visual studio 2015\projects\win32project002\release\win32project002.tlog\cl.write.1.tlog
c:\users\student\documents\visual studio 2015\projects\win32project002\release\win32project002.tlog\link.command.1.tlog
c:\users\student\documents\visual studio 2015\projects\win32project002\release\win32project002.tlog\link.read.1.tlog
c:\users\student\documents\visual studio 2015\projects\win32project002\release\win32project002.tlog\link.write.1.tlog
